e:\fms5776_2397_7707\fms5776_2397_7707\fms5776_2397_7707\fms5776_2397_7707\debug\vc120.pdb
e:\fms5776_2397_7707\fms5776_2397_7707\fms5776_2397_7707\fms5776_2397_7707\debug\vc120.idb
e:\fms5776_2397_7707\fms5776_2397_7707\fms5776_2397_7707\fms5776_2397_7707\debug\dat.obj
e:\fms5776_2397_7707\fms5776_2397_7707\fms5776_2397_7707\fms5776_2397_7707\debug\direntry.obj
e:\fms5776_2397_7707\fms5776_2397_7707\fms5776_2397_7707\fms5776_2397_7707\debug\disk.obj
e:\fms5776_2397_7707\fms5776_2397_7707\fms5776_2397_7707\fms5776_2397_7707\debug\fcb.obj
e:\fms5776_2397_7707\fms5776_2397_7707\fms5776_2397_7707\fms5776_2397_7707\debug\fileheader.obj
e:\fms5776_2397_7707\fms5776_2397_7707\fms5776_2397_7707\fms5776_2397_7707\debug\help.obj
e:\fms5776_2397_7707\fms5776_2397_7707\fms5776_2397_7707\fms5776_2397_7707\debug\main.obj
e:\fms5776_2397_7707\fms5776_2397_7707\fms5776_2397_7707\fms5776_2397_7707\debug\rootdir.obj
e:\fms5776_2397_7707\fms5776_2397_7707\fms5776_2397_7707\fms5776_2397_7707\debug\sector.obj
e:\fms5776_2397_7707\fms5776_2397_7707\fms5776_2397_7707\fms5776_2397_7707\debug\sectordir.obj
e:\fms5776_2397_7707\fms5776_2397_7707\fms5776_2397_7707\fms5776_2397_7707\debug\testlevel_1.obj
e:\fms5776_2397_7707\fms5776_2397_7707\fms5776_2397_7707\fms5776_2397_7707\debug\testlevel_3.obj
e:\fms5776_2397_7707\fms5776_2397_7707\fms5776_2397_7707\fms5776_2397_7707\debug\volumeheader.obj
e:\fms5776_2397_7707\fms5776_2397_7707\fms5776_2397_7707\debug\fms5776_2397_7707.ilk
e:\fms5776_2397_7707\fms5776_2397_7707\fms5776_2397_7707\debug\fms5776_2397_7707.exe
e:\fms5776_2397_7707\fms5776_2397_7707\fms5776_2397_7707\debug\fms5776_2397_7707.pdb
e:\fms5776_2397_7707\fms5776_2397_7707\fms5776_2397_7707\fms5776_2397_7707\debug\fms5776_.94ee2f2b.tlog\cl.command.1.tlog
e:\fms5776_2397_7707\fms5776_2397_7707\fms5776_2397_7707\fms5776_2397_7707\debug\fms5776_.94ee2f2b.tlog\cl.read.1.tlog
e:\fms5776_2397_7707\fms5776_2397_7707\fms5776_2397_7707\fms5776_2397_7707\debug\fms5776_.94ee2f2b.tlog\cl.write.1.tlog
e:\fms5776_2397_7707\fms5776_2397_7707\fms5776_2397_7707\fms5776_2397_7707\debug\fms5776_.94ee2f2b.tlog\link.command.1.tlog
e:\fms5776_2397_7707\fms5776_2397_7707\fms5776_2397_7707\fms5776_2397_7707\debug\fms5776_.94ee2f2b.tlog\link.read.1.tlog
e:\fms5776_2397_7707\fms5776_2397_7707\fms5776_2397_7707\fms5776_2397_7707\debug\fms5776_.94ee2f2b.tlog\link.write.1.tlog
