Build started 23/05/2016 16:11:31.
     1>Project "E:\FMS5776_2397_7707\FMS5776_2397_7707\FMS5776_2397_7707\FMS5776_2397_7707\FMS5776_2397_7707.vcxproj" on node 4 (Rebuild target(s)).
     1>ClCompile:
         C:\Program Files (x86)\Microsoft Visual Studio 12.0\VC\bin\CL.exe /c /ZI /nologo /W3 /WX- /sdl /Od /Oy- /D _MBCS /D _MBCS /Gm /EHsc /RTC1 /MDd /GS /fp:precise /Zc:wchar_t /Zc:forScope /Fo"Debug\\" /Fd"Debug\vc120.pdb" /Gd /TP /analyze- /errorReport:prompt DAT.cpp DirEntry.cpp Disk.cpp FCB.cpp FileHeader.cpp Help.cpp Main.cpp RootDir.cpp Sector.cpp SectorDir.cpp TestLevel_1.cpp TestLevel_3.cpp VolumeHeader.cpp
         VolumeHeader.cpp
         TestLevel_3.cpp
         TestLevel_1.cpp
         SectorDir.cpp
         Sector.cpp
         RootDir.cpp
         Main.cpp
     1>e:\fms5776_2397_7707\fms5776_2397_7707\fms5776_2397_7707\fms5776_2397_7707\main.cpp(211): warning C4018: '>' : signed/unsigned mismatch
     1>e:\fms5776_2397_7707\fms5776_2397_7707\fms5776_2397_7707\fms5776_2397_7707\main.cpp(223): warning C4018: '>' : signed/unsigned mismatch
         Help.cpp
         FileHeader.cpp
         FCB.cpp
     1>e:\fms5776_2397_7707\fms5776_2397_7707\fms5776_2397_7707\fms5776_2397_7707\fcb.cpp(163): warning C4018: '>' : signed/unsigned mismatch
     1>e:\fms5776_2397_7707\fms5776_2397_7707\fms5776_2397_7707\fms5776_2397_7707\fcb.cpp(170): warning C4018: '>' : signed/unsigned mismatch
     1>e:\fms5776_2397_7707\fms5776_2397_7707\fms5776_2397_7707\fms5776_2397_7707\fcb.cpp(175): warning C4018: '>' : signed/unsigned mismatch
     1>e:\fms5776_2397_7707\fms5776_2397_7707\fms5776_2397_7707\fms5776_2397_7707\fcb.cpp(248): warning C4244: 'initializing' : conversion from 'double' to 'unsigned int', possible loss of data
     1>e:\fms5776_2397_7707\fms5776_2397_7707\fms5776_2397_7707\fms5776_2397_7707\fcb.cpp(250): warning C4018: '<' : signed/unsigned mismatch
         Disk.cpp
     1>e:\fms5776_2397_7707\fms5776_2397_7707\fms5776_2397_7707\fms5776_2397_7707\disk.cpp(483): warning C4018: '>=' : signed/unsigned mismatch
         DirEntry.cpp
         DAT.cpp
         Generating Code...
       Link:
         C:\Program Files (x86)\Microsoft Visual Studio 12.0\VC\bin\link.exe /ERRORREPORT:PROMPT /OUT:"E:\FMS5776_2397_7707\FMS5776_2397_7707\FMS5776_2397_7707\Debug\FMS5776_2397_7707.exe" /INCREMENTAL /NOLOGO kernel32.lib user32.lib gdi32.lib winspool.lib comdlg32.lib advapi32.lib shell32.lib ole32.lib oleaut32.lib uuid.lib odbc32.lib odbccp32.lib /MANIFEST /MANIFESTUAC:"level='asInvoker' uiAccess='false'" /manifest:embed /DEBUG /PDB:"E:\FMS5776_2397_7707\FMS5776_2397_7707\FMS5776_2397_7707\Debug\FMS5776_2397_7707.pdb" /TLBID:1 /DYNAMICBASE /NXCOMPAT /IMPLIB:"E:\FMS5776_2397_7707\FMS5776_2397_7707\FMS5776_2397_7707\Debug\FMS5776_2397_7707.lib" /MACHINE:X86 Debug\DAT.obj
         Debug\DirEntry.obj
         Debug\Disk.obj
         Debug\FCB.obj
         Debug\FileHeader.obj
         Debug\Help.obj
         Debug\Main.obj
         Debug\RootDir.obj
         Debug\Sector.obj
         Debug\SectorDir.obj
         Debug\TestLevel_1.obj
         Debug\TestLevel_3.obj
         Debug\VolumeHeader.obj
         FMS5776_2397_7707.vcxproj -> E:\FMS5776_2397_7707\FMS5776_2397_7707\FMS5776_2397_7707\Debug\FMS5776_2397_7707.exe
     1>Done Building Project "E:\FMS5776_2397_7707\FMS5776_2397_7707\FMS5776_2397_7707\FMS5776_2397_7707\FMS5776_2397_7707.vcxproj" (Rebuild target(s)).

Build succeeded.

Time Elapsed 00:00:04.53
