c:\users\simon\desktop\fms5776_2397_7707\fms5776_2397_7707\fms5776_2397_7707\fms5776_2397_7707\x64\release\vc140.pdb
c:\users\simon\desktop\fms5776_2397_7707\fms5776_2397_7707\fms5776_2397_7707\fms5776_2397_7707\x64\release\volumeheader.obj
c:\users\simon\desktop\fms5776_2397_7707\fms5776_2397_7707\fms5776_2397_7707\fms5776_2397_7707\x64\release\testlevel_3.obj
c:\users\simon\desktop\fms5776_2397_7707\fms5776_2397_7707\fms5776_2397_7707\fms5776_2397_7707\x64\release\testlevel_1.obj
c:\users\simon\desktop\fms5776_2397_7707\fms5776_2397_7707\fms5776_2397_7707\fms5776_2397_7707\x64\release\sectordir.obj
c:\users\simon\desktop\fms5776_2397_7707\fms5776_2397_7707\fms5776_2397_7707\fms5776_2397_7707\x64\release\sector.obj
c:\users\simon\desktop\fms5776_2397_7707\fms5776_2397_7707\fms5776_2397_7707\fms5776_2397_7707\x64\release\rootdir.obj
c:\users\simon\desktop\fms5776_2397_7707\fms5776_2397_7707\fms5776_2397_7707\fms5776_2397_7707\x64\release\help.obj
c:\users\simon\desktop\fms5776_2397_7707\fms5776_2397_7707\fms5776_2397_7707\fms5776_2397_7707\x64\release\fileheader.obj
c:\users\simon\desktop\fms5776_2397_7707\fms5776_2397_7707\fms5776_2397_7707\fms5776_2397_7707\x64\release\fcb.obj
c:\users\simon\desktop\fms5776_2397_7707\fms5776_2397_7707\fms5776_2397_7707\fms5776_2397_7707\x64\release\disk.obj
c:\users\simon\desktop\fms5776_2397_7707\fms5776_2397_7707\fms5776_2397_7707\fms5776_2397_7707\x64\release\direntry.obj
c:\users\simon\desktop\fms5776_2397_7707\fms5776_2397_7707\fms5776_2397_7707\fms5776_2397_7707\x64\release\dat.obj
c:\users\simon\desktop\fms5776_2397_7707\fms5776_2397_7707\fms5776_2397_7707\fms5776_2397_7707\x64\release\main.obj
c:\users\simon\desktop\fms5776_2397_7707\fms5776_2397_7707\fms5776_2397_7707\x64\release\fms5776_2397_7707.exe
c:\users\simon\desktop\fms5776_2397_7707\fms5776_2397_7707\fms5776_2397_7707\x64\release\fms5776_2397_7707.ipdb
c:\users\simon\desktop\fms5776_2397_7707\fms5776_2397_7707\fms5776_2397_7707\x64\release\fms5776_2397_7707.iobj
c:\users\simon\desktop\fms5776_2397_7707\fms5776_2397_7707\fms5776_2397_7707\x64\release\fms5776_2397_7707.pdb
c:\users\simon\desktop\fms5776_2397_7707\fms5776_2397_7707\fms5776_2397_7707\fms5776_2397_7707\x64\release\fms5776_.94ee2f2b.tlog\cl.command.1.tlog
c:\users\simon\desktop\fms5776_2397_7707\fms5776_2397_7707\fms5776_2397_7707\fms5776_2397_7707\x64\release\fms5776_.94ee2f2b.tlog\cl.read.1.tlog
c:\users\simon\desktop\fms5776_2397_7707\fms5776_2397_7707\fms5776_2397_7707\fms5776_2397_7707\x64\release\fms5776_.94ee2f2b.tlog\cl.write.1.tlog
c:\users\simon\desktop\fms5776_2397_7707\fms5776_2397_7707\fms5776_2397_7707\fms5776_2397_7707\x64\release\fms5776_.94ee2f2b.tlog\link.command.1.tlog
c:\users\simon\desktop\fms5776_2397_7707\fms5776_2397_7707\fms5776_2397_7707\fms5776_2397_7707\x64\release\fms5776_.94ee2f2b.tlog\link.read.1.tlog
c:\users\simon\desktop\fms5776_2397_7707\fms5776_2397_7707\fms5776_2397_7707\fms5776_2397_7707\x64\release\fms5776_.94ee2f2b.tlog\link.write.1.tlog
