c:\users\simon\desktop\fms5776_2397_7707\fms5776_2397_7707\fms5776_2397_7707\x64\debug\vc140.pdb
c:\users\simon\desktop\fms5776_2397_7707\fms5776_2397_7707\fms5776_2397_7707\x64\debug\source.obj
c:\users\simon\desktop\fms5776_2397_7707\fms5776_2397_7707\fms5776_2397_7707\x64\debug\fms_dll.lib
c:\users\simon\desktop\fms5776_2397_7707\fms5776_2397_7707\fms5776_2397_7707\x64\debug\fms_dll.exp
c:\users\simon\desktop\fms5776_2397_7707\fms5776_2397_7707\fms5776_2397_7707\x64\debug\fms_dll.dll
c:\users\simon\desktop\fms5776_2397_7707\fms5776_2397_7707\fms5776_2397_7707\x64\debug\fms_dll.ipdb
c:\users\simon\desktop\fms5776_2397_7707\fms5776_2397_7707\fms5776_2397_7707\x64\debug\fms_dll.iobj
c:\users\simon\desktop\fms5776_2397_7707\fms5776_2397_7707\fms5776_2397_7707\x64\debug\fms_dll.pdb
c:\users\simon\desktop\fms5776_2397_7707\fms5776_2397_7707\fms5776_2397_7707\x64\debug\fms_dll.res
c:\users\simon\desktop\fms5776_2397_7707\fms5776_2397_7707\fms5776_2397_7707\fms_dll\..\x64\debug\fms_dll.dll
c:\users\simon\desktop\fms5776_2397_7707\fms5776_2397_7707\fms5776_2397_7707\x64\debug\fms_dll.tlog\cl.command.1.tlog
c:\users\simon\desktop\fms5776_2397_7707\fms5776_2397_7707\fms5776_2397_7707\x64\debug\fms_dll.tlog\cl.read.1.tlog
c:\users\simon\desktop\fms5776_2397_7707\fms5776_2397_7707\fms5776_2397_7707\x64\debug\fms_dll.tlog\cl.write.1.tlog
c:\users\simon\desktop\fms5776_2397_7707\fms5776_2397_7707\fms5776_2397_7707\x64\debug\fms_dll.tlog\fms_dll.write.1u.tlog
c:\users\simon\desktop\fms5776_2397_7707\fms5776_2397_7707\fms5776_2397_7707\x64\debug\fms_dll.tlog\link.command.1.tlog
c:\users\simon\desktop\fms5776_2397_7707\fms5776_2397_7707\fms5776_2397_7707\x64\debug\fms_dll.tlog\link.read.1.tlog
c:\users\simon\desktop\fms5776_2397_7707\fms5776_2397_7707\fms5776_2397_7707\x64\debug\fms_dll.tlog\link.write.1.tlog
c:\users\simon\desktop\fms5776_2397_7707\fms5776_2397_7707\fms5776_2397_7707\x64\debug\fms_dll.tlog\rc.command.1.tlog
c:\users\simon\desktop\fms5776_2397_7707\fms5776_2397_7707\fms5776_2397_7707\x64\debug\fms_dll.tlog\rc.read.1.tlog
c:\users\simon\desktop\fms5776_2397_7707\fms5776_2397_7707\fms5776_2397_7707\x64\debug\fms_dll.tlog\rc.write.1.tlog
