e:\fms5776_2397_7707\fms5776_2397_7707\fms5776_2397_7707\fms5776_2397_7707\x64\debug\vc120.pdb
e:\fms5776_2397_7707\fms5776_2397_7707\fms5776_2397_7707\fms5776_2397_7707\x64\debug\vc120.idb
e:\fms5776_2397_7707\fms5776_2397_7707\fms5776_2397_7707\fms5776_2397_7707\x64\debug\dat.obj
e:\fms5776_2397_7707\fms5776_2397_7707\fms5776_2397_7707\fms5776_2397_7707\x64\debug\direntry.obj
e:\fms5776_2397_7707\fms5776_2397_7707\fms5776_2397_7707\fms5776_2397_7707\x64\debug\disk.obj
e:\fms5776_2397_7707\fms5776_2397_7707\fms5776_2397_7707\fms5776_2397_7707\x64\debug\fcb.obj
e:\fms5776_2397_7707\fms5776_2397_7707\fms5776_2397_7707\fms5776_2397_7707\x64\debug\fileheader.obj
e:\fms5776_2397_7707\fms5776_2397_7707\fms5776_2397_7707\fms5776_2397_7707\x64\debug\help.obj
e:\fms5776_2397_7707\fms5776_2397_7707\fms5776_2397_7707\fms5776_2397_7707\x64\debug\main.obj
e:\fms5776_2397_7707\fms5776_2397_7707\fms5776_2397_7707\fms5776_2397_7707\x64\debug\rootdir.obj
e:\fms5776_2397_7707\fms5776_2397_7707\fms5776_2397_7707\fms5776_2397_7707\x64\debug\sector.obj
e:\fms5776_2397_7707\fms5776_2397_7707\fms5776_2397_7707\fms5776_2397_7707\x64\debug\sectordir.obj
e:\fms5776_2397_7707\fms5776_2397_7707\fms5776_2397_7707\fms5776_2397_7707\x64\debug\testlevel_1.obj
e:\fms5776_2397_7707\fms5776_2397_7707\fms5776_2397_7707\fms5776_2397_7707\x64\debug\testlevel_3.obj
e:\fms5776_2397_7707\fms5776_2397_7707\fms5776_2397_7707\fms5776_2397_7707\x64\debug\volumeheader.obj
e:\fms5776_2397_7707\fms5776_2397_7707\fms5776_2397_7707\x64\debug\fms5776_2397_7707.lib
e:\fms5776_2397_7707\fms5776_2397_7707\fms5776_2397_7707\fms5776_2397_7707\x64\debug\fms5776_.94ee2f2b.tlog\cl.command.1.tlog
e:\fms5776_2397_7707\fms5776_2397_7707\fms5776_2397_7707\fms5776_2397_7707\x64\debug\fms5776_.94ee2f2b.tlog\cl.read.1.tlog
e:\fms5776_2397_7707\fms5776_2397_7707\fms5776_2397_7707\fms5776_2397_7707\x64\debug\fms5776_.94ee2f2b.tlog\cl.write.1.tlog
e:\fms5776_2397_7707\fms5776_2397_7707\fms5776_2397_7707\fms5776_2397_7707\x64\debug\fms5776_.94ee2f2b.tlog\lib-link.read.1.tlog
e:\fms5776_2397_7707\fms5776_2397_7707\fms5776_2397_7707\fms5776_2397_7707\x64\debug\fms5776_.94ee2f2b.tlog\lib-link.write.1.tlog
e:\fms5776_2397_7707\fms5776_2397_7707\fms5776_2397_7707\fms5776_2397_7707\x64\debug\fms5776_.94ee2f2b.tlog\lib.command.1.tlog
