La génération a démarré 24/05/2016 11:58:13.
     1>Projet "C:\Users\Simon\Desktop\FMS5776_2397_7707\FMS5776_2397_7707\FMS5776_2397_7707\FMS_DLL\FMS_DLL.vcxproj" sur le nœud 3 (Rebuild cible(s)).
     1>C:\Program Files (x86)\MSBuild\Microsoft.Cpp\v4.0\V140\Microsoft.CppBuild.targets(367,5): warning MSB8004: Intermediate Directory does not end with a trailing slash.  This build instance will add the slash as it is required to allow proper evaluation of the Intermediate Directory.
     1>C:\Program Files (x86)\MSBuild\Microsoft.Cpp\v4.0\V140\Microsoft.CppBuild.targets(368,5): warning MSB8004: Output Directory does not end with a trailing slash.  This build instance will add the slash as it is required to allow proper evaluation of the Output Directory.
     1>ClCompile:
         C:\Program Files (x86)\Microsoft Visual Studio 14.0\VC\bin\x86_amd64\CL.exe /c /I..\FMS5776_2397_7707 /Zi /nologo /W3 /WX- /sdl /O2 /Oi /GL /D _WINDLL /D _MBCS /Gm- /EHsc /MD /GS /Gy /fp:precise /Zc:wchar_t /Zc:forScope /Zc:inline /Fo".\Debug\\" /Fd".\Debug\vc140.pdb" /Gd /TP /errorReport:prompt ..\..\..\..\..\Downloads\SourceCode\cpp\Source.cpp
         Source.cpp
     1>..\..\..\..\..\Downloads\SourceCode\cpp\Source.cpp(51): warning C4297: 'createdisk' : la fonction lève une exception alors qu'elle est présumée ne pas le faire
         ..\..\..\..\..\Downloads\SourceCode\cpp\Source.cpp(51): note: Fonction extern "C" et /EHc spécifié
     1>..\..\..\..\..\Downloads\SourceCode\cpp\Source.cpp(63): warning C4297: 'mountdisk' : la fonction lève une exception alors qu'elle est présumée ne pas le faire
         ..\..\..\..\..\Downloads\SourceCode\cpp\Source.cpp(63): note: Fonction extern "C" et /EHc spécifié
     1>..\..\..\..\..\Downloads\SourceCode\cpp\Source.cpp(75): warning C4297: 'unmountdisk' : la fonction lève une exception alors qu'elle est présumée ne pas le faire
         ..\..\..\..\..\Downloads\SourceCode\cpp\Source.cpp(75): note: Fonction extern "C" et /EHc spécifié
     1>..\..\..\..\..\Downloads\SourceCode\cpp\Source.cpp(87): warning C4297: 'recreatedisk' : la fonction lève une exception alors qu'elle est présumée ne pas le faire
         ..\..\..\..\..\Downloads\SourceCode\cpp\Source.cpp(87): note: Fonction extern "C" et /EHc spécifié
     1>..\..\..\..\..\Downloads\SourceCode\cpp\Source.cpp(101): warning C4297: 'format' : la fonction lève une exception alors qu'elle est présumée ne pas le faire
         ..\..\..\..\..\Downloads\SourceCode\cpp\Source.cpp(101): note: Fonction extern "C" et /EHc spécifié
     1>..\..\..\..\..\Downloads\SourceCode\cpp\Source.cpp(113): warning C4297: 'howmuchempty' : la fonction lève une exception alors qu'elle est présumée ne pas le faire
         ..\..\..\..\..\Downloads\SourceCode\cpp\Source.cpp(113): note: Fonction extern "C" et /EHc spécifié
     1>..\..\..\..\..\Downloads\SourceCode\cpp\Source.cpp(131): warning C4297: 'createfile' : la fonction lève une exception alors qu'elle est présumée ne pas le faire
         ..\..\..\..\..\Downloads\SourceCode\cpp\Source.cpp(131): note: Fonction extern "C" et /EHc spécifié
     1>..\..\..\..\..\Downloads\SourceCode\cpp\Source.cpp(144): warning C4297: 'delfile' : la fonction lève une exception alors qu'elle est présumée ne pas le faire
         ..\..\..\..\..\Downloads\SourceCode\cpp\Source.cpp(144): note: Fonction extern "C" et /EHc spécifié
     1>..\..\..\..\..\Downloads\SourceCode\cpp\Source.cpp(156): warning C4297: 'extendfile' : la fonction lève une exception alors qu'elle est présumée ne pas le faire
         ..\..\..\..\..\Downloads\SourceCode\cpp\Source.cpp(156): note: Fonction extern "C" et /EHc spécifié
     1>..\..\..\..\..\Downloads\SourceCode\cpp\Source.cpp(171): warning C4297: 'openfile' : la fonction lève une exception alors qu'elle est présumée ne pas le faire
         ..\..\..\..\..\Downloads\SourceCode\cpp\Source.cpp(171): note: Fonction extern "C" et /EHc spécifié
     1>..\..\..\..\..\Downloads\SourceCode\cpp\Source.cpp(186): warning C4297: 'closefile' : la fonction lève une exception alors qu'elle est présumée ne pas le faire
         ..\..\..\..\..\Downloads\SourceCode\cpp\Source.cpp(186): note: Fonction extern "C" et /EHc spécifié
     1>..\..\..\..\..\Downloads\SourceCode\cpp\Source.cpp(198): warning C4297: 'readRec' : la fonction lève une exception alors qu'elle est présumée ne pas le faire
         ..\..\..\..\..\Downloads\SourceCode\cpp\Source.cpp(198): note: Fonction extern "C" et /EHc spécifié
     1>..\..\..\..\..\Downloads\SourceCode\cpp\Source.cpp(205): error C2660: 'FCB::writeRec' : la fonction ne prend pas 1 arguments
     1>..\..\..\..\..\Downloads\SourceCode\cpp\Source.cpp(210): warning C4297: 'writeRec' : la fonction lève une exception alors qu'elle est présumée ne pas le faire
         ..\..\..\..\..\Downloads\SourceCode\cpp\Source.cpp(210): note: Fonction extern "C" et /EHc spécifié
     1>..\..\..\..\..\Downloads\SourceCode\cpp\Source.cpp(222): warning C4297: 'seekRec' : la fonction lève une exception alors qu'elle est présumée ne pas le faire
         ..\..\..\..\..\Downloads\SourceCode\cpp\Source.cpp(222): note: Fonction extern "C" et /EHc spécifié
     1>..\..\..\..\..\Downloads\SourceCode\cpp\Source.cpp(235): warning C4297: 'updateRecCancel' : la fonction lève une exception alors qu'elle est présumée ne pas le faire
         ..\..\..\..\..\Downloads\SourceCode\cpp\Source.cpp(235): note: Fonction extern "C" et /EHc spécifié
     1>..\..\..\..\..\Downloads\SourceCode\cpp\Source.cpp(247): warning C4297: 'deleteRec' : la fonction lève une exception alors qu'elle est présumée ne pas le faire
         ..\..\..\..\..\Downloads\SourceCode\cpp\Source.cpp(247): note: Fonction extern "C" et /EHc spécifié
     1>..\..\..\..\..\Downloads\SourceCode\cpp\Source.cpp(259): warning C4297: 'updateRec' : la fonction lève une exception alors qu'elle est présumée ne pas le faire
         ..\..\..\..\..\Downloads\SourceCode\cpp\Source.cpp(259): note: Fonction extern "C" et /EHc spécifié
     1>Génération du projet "C:\Users\Simon\Desktop\FMS5776_2397_7707\FMS5776_2397_7707\FMS5776_2397_7707\FMS_DLL\FMS_DLL.vcxproj" terminée (Rebuild cible(s)) -- ÉCHEC.

ÉCHEC de la build.

Temps écoulé 00:00:01.27
