c:\users\simon\desktop\fms5776_2397_7707\fms5776_2397_7707\fms5776_2397_7707\fms5776_2397_7707\release\fms5776_2397_7707.pdb
c:\users\simon\desktop\fms5776_2397_7707\fms5776_2397_7707\fms5776_2397_7707\fms5776_2397_7707\release\volumeheader.obj
c:\users\simon\desktop\fms5776_2397_7707\fms5776_2397_7707\fms5776_2397_7707\fms5776_2397_7707\release\testlevel_3.obj
c:\users\simon\desktop\fms5776_2397_7707\fms5776_2397_7707\fms5776_2397_7707\fms5776_2397_7707\release\testlevel_1.obj
c:\users\simon\desktop\fms5776_2397_7707\fms5776_2397_7707\fms5776_2397_7707\fms5776_2397_7707\release\sectordir.obj
c:\users\simon\desktop\fms5776_2397_7707\fms5776_2397_7707\fms5776_2397_7707\fms5776_2397_7707\release\sector.obj
c:\users\simon\desktop\fms5776_2397_7707\fms5776_2397_7707\fms5776_2397_7707\fms5776_2397_7707\release\rootdir.obj
c:\users\simon\desktop\fms5776_2397_7707\fms5776_2397_7707\fms5776_2397_7707\fms5776_2397_7707\release\main.obj
c:\users\simon\desktop\fms5776_2397_7707\fms5776_2397_7707\fms5776_2397_7707\fms5776_2397_7707\release\help.obj
c:\users\simon\desktop\fms5776_2397_7707\fms5776_2397_7707\fms5776_2397_7707\fms5776_2397_7707\release\fileheader.obj
c:\users\simon\desktop\fms5776_2397_7707\fms5776_2397_7707\fms5776_2397_7707\fms5776_2397_7707\release\fcb.obj
c:\users\simon\desktop\fms5776_2397_7707\fms5776_2397_7707\fms5776_2397_7707\fms5776_2397_7707\release\disk.obj
c:\users\simon\desktop\fms5776_2397_7707\fms5776_2397_7707\fms5776_2397_7707\fms5776_2397_7707\release\direntry.obj
c:\users\simon\desktop\fms5776_2397_7707\fms5776_2397_7707\fms5776_2397_7707\fms5776_2397_7707\release\dat.obj
c:\users\simon\desktop\fms5776_2397_7707\fms5776_2397_7707\fms5776_2397_7707\release\fms5776_2397_7707.lib
c:\users\simon\desktop\fms5776_2397_7707\fms5776_2397_7707\fms5776_2397_7707\fms5776_2397_7707\release\fms5776_.94ee2f2b.tlog\cl.command.1.tlog
c:\users\simon\desktop\fms5776_2397_7707\fms5776_2397_7707\fms5776_2397_7707\fms5776_2397_7707\release\fms5776_.94ee2f2b.tlog\cl.read.1.tlog
c:\users\simon\desktop\fms5776_2397_7707\fms5776_2397_7707\fms5776_2397_7707\fms5776_2397_7707\release\fms5776_.94ee2f2b.tlog\cl.write.1.tlog
c:\users\simon\desktop\fms5776_2397_7707\fms5776_2397_7707\fms5776_2397_7707\fms5776_2397_7707\release\fms5776_.94ee2f2b.tlog\lib-link.read.1.tlog
c:\users\simon\desktop\fms5776_2397_7707\fms5776_2397_7707\fms5776_2397_7707\fms5776_2397_7707\release\fms5776_.94ee2f2b.tlog\lib-link.write.1.tlog
c:\users\simon\desktop\fms5776_2397_7707\fms5776_2397_7707\fms5776_2397_7707\fms5776_2397_7707\release\fms5776_.94ee2f2b.tlog\lib.command.1.tlog
