La génération a démarré 19/06/2016 02:30:17.
     1>Projet "C:\Users\Simon\Desktop\FMS5776_2397_7707\FMS5776_2397_7707\FMS5776_2397_7707\FMS_DLL\FMS_DLL.vcxproj" sur le nœud 2 (Rebuild cible(s)).
     1>ClCompile:
         C:\Program Files (x86)\Microsoft Visual Studio 14.0\VC\bin\CL.exe /c /I..\FMS5776_2397_7707 /Zi /nologo /W3 /WX- /sdl /O2 /Oi /Oy- /GL /D _WINDLL /D _MBCS /Gm- /EHsc /MD /GS /Gy /fp:precise /Zc:wchar_t /Zc:forScope /Zc:inline /Fo"Release\\" /Fd"Release\vc140.pdb" /Gd /TP /analyze- /errorReport:prompt ..\..\..\..\..\Downloads\SourceCode\cpp\Source.cpp
         Source.cpp
     1>..\..\..\..\..\Downloads\SourceCode\cpp\Source.cpp(55): warning C4297: 'createdisk' : la fonction lève une exception alors qu'elle est présumée ne pas le faire
         ..\..\..\..\..\Downloads\SourceCode\cpp\Source.cpp(55): note: Fonction extern "C" et /EHc spécifié
     1>..\..\..\..\..\Downloads\SourceCode\cpp\Source.cpp(60): warning C4297: 'createdisk' : la fonction lève une exception alors qu'elle est présumée ne pas le faire
         ..\..\..\..\..\Downloads\SourceCode\cpp\Source.cpp(60): note: Fonction extern "C" et /EHc spécifié
     1>..\..\..\..\..\Downloads\SourceCode\cpp\Source.cpp(72): warning C4297: 'mountdisk' : la fonction lève une exception alors qu'elle est présumée ne pas le faire
         ..\..\..\..\..\Downloads\SourceCode\cpp\Source.cpp(72): note: Fonction extern "C" et /EHc spécifié
     1>..\..\..\..\..\Downloads\SourceCode\cpp\Source.cpp(84): warning C4297: 'unmountdisk' : la fonction lève une exception alors qu'elle est présumée ne pas le faire
         ..\..\..\..\..\Downloads\SourceCode\cpp\Source.cpp(84): note: Fonction extern "C" et /EHc spécifié
     1>..\..\..\..\..\Downloads\SourceCode\cpp\Source.cpp(96): warning C4297: 'recreatedisk' : la fonction lève une exception alors qu'elle est présumée ne pas le faire
         ..\..\..\..\..\Downloads\SourceCode\cpp\Source.cpp(96): note: Fonction extern "C" et /EHc spécifié
     1>..\..\..\..\..\Downloads\SourceCode\cpp\Source.cpp(110): warning C4297: 'format' : la fonction lève une exception alors qu'elle est présumée ne pas le faire
         ..\..\..\..\..\Downloads\SourceCode\cpp\Source.cpp(110): note: Fonction extern "C" et /EHc spécifié
     1>..\..\..\..\..\Downloads\SourceCode\cpp\Source.cpp(122): warning C4297: 'howmuchempty' : la fonction lève une exception alors qu'elle est présumée ne pas le faire
         ..\..\..\..\..\Downloads\SourceCode\cpp\Source.cpp(122): note: Fonction extern "C" et /EHc spécifié
     1>..\..\..\..\..\Downloads\SourceCode\cpp\Source.cpp(140): warning C4297: 'createfile' : la fonction lève une exception alors qu'elle est présumée ne pas le faire
         ..\..\..\..\..\Downloads\SourceCode\cpp\Source.cpp(140): note: Fonction extern "C" et /EHc spécifié
     1>..\..\..\..\..\Downloads\SourceCode\cpp\Source.cpp(153): warning C4297: 'delfile' : la fonction lève une exception alors qu'elle est présumée ne pas le faire
         ..\..\..\..\..\Downloads\SourceCode\cpp\Source.cpp(153): note: Fonction extern "C" et /EHc spécifié
     1>..\..\..\..\..\Downloads\SourceCode\cpp\Source.cpp(165): warning C4297: 'extendfile' : la fonction lève une exception alors qu'elle est présumée ne pas le faire
         ..\..\..\..\..\Downloads\SourceCode\cpp\Source.cpp(165): note: Fonction extern "C" et /EHc spécifié
     1>..\..\..\..\..\Downloads\SourceCode\cpp\Source.cpp(180): warning C4297: 'openfile' : la fonction lève une exception alors qu'elle est présumée ne pas le faire
         ..\..\..\..\..\Downloads\SourceCode\cpp\Source.cpp(180): note: Fonction extern "C" et /EHc spécifié
     1>..\..\..\..\..\Downloads\SourceCode\cpp\Source.cpp(195): warning C4297: 'closefile' : la fonction lève une exception alors qu'elle est présumée ne pas le faire
         ..\..\..\..\..\Downloads\SourceCode\cpp\Source.cpp(195): note: Fonction extern "C" et /EHc spécifié
     1>..\..\..\..\..\Downloads\SourceCode\cpp\Source.cpp(207): warning C4297: 'readRec' : la fonction lève une exception alors qu'elle est présumée ne pas le faire
         ..\..\..\..\..\Downloads\SourceCode\cpp\Source.cpp(207): note: Fonction extern "C" et /EHc spécifié
     1>..\..\..\..\..\Downloads\SourceCode\cpp\Source.cpp(219): warning C4297: 'writeRec' : la fonction lève une exception alors qu'elle est présumée ne pas le faire
         ..\..\..\..\..\Downloads\SourceCode\cpp\Source.cpp(219): note: Fonction extern "C" et /EHc spécifié
     1>..\..\..\..\..\Downloads\SourceCode\cpp\Source.cpp(231): warning C4297: 'seekRec' : la fonction lève une exception alors qu'elle est présumée ne pas le faire
         ..\..\..\..\..\Downloads\SourceCode\cpp\Source.cpp(231): note: Fonction extern "C" et /EHc spécifié
     1>..\..\..\..\..\Downloads\SourceCode\cpp\Source.cpp(244): warning C4297: 'updateRecCancel' : la fonction lève une exception alors qu'elle est présumée ne pas le faire
         ..\..\..\..\..\Downloads\SourceCode\cpp\Source.cpp(244): note: Fonction extern "C" et /EHc spécifié
     1>..\..\..\..\..\Downloads\SourceCode\cpp\Source.cpp(256): warning C4297: 'deleteRec' : la fonction lève une exception alors qu'elle est présumée ne pas le faire
         ..\..\..\..\..\Downloads\SourceCode\cpp\Source.cpp(256): note: Fonction extern "C" et /EHc spécifié
     1>..\..\..\..\..\Downloads\SourceCode\cpp\Source.cpp(268): warning C4297: 'updateRec' : la fonction lève une exception alors qu'elle est présumée ne pas le faire
         ..\..\..\..\..\Downloads\SourceCode\cpp\Source.cpp(268): note: Fonction extern "C" et /EHc spécifié
     1>..\..\..\..\..\Downloads\SourceCode\cpp\Source.cpp(289): warning C4297: 'GetDirEntry' : la fonction lève une exception alors qu'elle est présumée ne pas le faire
         ..\..\..\..\..\Downloads\SourceCode\cpp\Source.cpp(289): note: Fonction extern "C" et /EHc spécifié
     1>..\..\..\..\..\Downloads\SourceCode\cpp\Source.cpp(305): warning C4297: 'CheckDirEntryExist' : la fonction lève une exception alors qu'elle est présumée ne pas le faire
         ..\..\..\..\..\Downloads\SourceCode\cpp\Source.cpp(305): note: Fonction extern "C" et /EHc spécifié
     1>..\..\..\..\..\Downloads\SourceCode\cpp\Source.cpp(320): warning C4297: 'getFileDesc' : la fonction lève une exception alors qu'elle est présumée ne pas le faire
         ..\..\..\..\..\Downloads\SourceCode\cpp\Source.cpp(320): note: Fonction extern "C" et /EHc spécifié
     1>..\..\..\..\..\Downloads\SourceCode\cpp\Source.cpp(337): warning C4297: 'getDat' : la fonction lève une exception alors qu'elle est présumée ne pas le faire
         ..\..\..\..\..\Downloads\SourceCode\cpp\Source.cpp(337): note: Fonction extern "C" et /EHc spécifié
     1>..\..\..\..\..\Downloads\SourceCode\cpp\Source.cpp(360): warning C4297: 'flush' : la fonction lève une exception alors qu'elle est présumée ne pas le faire
         ..\..\..\..\..\Downloads\SourceCode\cpp\Source.cpp(360): note: Fonction extern "C" et /EHc spécifié
     1>..\..\..\..\..\Downloads\SourceCode\cpp\Source.cpp(372): warning C4297: 'defragmentation' : la fonction lève une exception alors qu'elle est présumée ne pas le faire
         ..\..\..\..\..\Downloads\SourceCode\cpp\Source.cpp(372): note: Fonction extern "C" et /EHc spécifié
       ResourceCompile:
         C:\Program Files (x86)\Windows Kits\8.1\bin\x86\rc.exe /l"0x0409" /nologo /fo"Release\FMS_DLL.res" FMS_DLL.rc 
       Link:
         C:\Program Files (x86)\Microsoft Visual Studio 14.0\VC\bin\link.exe /ERRORREPORT:PROMPT /OUT:"C:\Users\Simon\Desktop\FMS5776_2397_7707\FMS5776_2397_7707\FMS5776_2397_7707\Release\FMS_DLL.dll" /NOLOGO kernel32.lib user32.lib gdi32.lib winspool.lib comdlg32.lib advapi32.lib shell32.lib ole32.lib oleaut32.lib uuid.lib odbc32.lib odbccp32.lib /MANIFEST /MANIFESTUAC:"level='asInvoker' uiAccess='false'" /manifest:embed /Debug /PDB:"C:\Users\Simon\Desktop\FMS5776_2397_7707\FMS5776_2397_7707\FMS5776_2397_7707\Release\FMS_DLL.pdb" /OPT:REF /OPT:ICF /LTCG:incremental /TLBID:1 /DYNAMICBASE /NXCOMPAT /IMPLIB:"C:\Users\Simon\Desktop\FMS5776_2397_7707\FMS5776_2397_7707\FMS5776_2397_7707\Release\FMS_DLL.lib" /MACHINE:X86 /SAFESEH /DLL Release\FMS_DLL.res
         Release\Source.obj
         C:\Users\Simon\Desktop\FMS5776_2397_7707\FMS5776_2397_7707\FMS5776_2397_7707\Release\FMS5776_2397_7707.lib
            Création de la bibliothèque C:\Users\Simon\Desktop\FMS5776_2397_7707\FMS5776_2397_7707\FMS5776_2397_7707\Release\FMS_DLL.lib et de l'objet C:\Users\Simon\Desktop\FMS5776_2397_7707\FMS5776_2397_7707\FMS5776_2397_7707\Release\FMS_DLL.exp
         Génération de code en cours
     1>c:\users\simon\desktop\fms5776_2397_7707\fms5776_2397_7707\fms5776_2397_7707\fms5776_2397_7707\disk.cpp(624): warning C4715: 'Disk::FindLastOne' : les chemins de contrôle ne retournent pas tous une valeur
         All 365 functions were compiled because no usable IPDB/IOBJ from previous compilation was found.
         Fin de la génération du code
         FMS_DLL.vcxproj -> C:\Users\Simon\Desktop\FMS5776_2397_7707\FMS5776_2397_7707\FMS5776_2397_7707\Release\FMS_DLL.dll
       PostBuildEvent:
         copy "C:\Users\Simon\Desktop\FMS5776_2397_7707\FMS5776_2397_7707\FMS5776_2397_7707\Release\FMS_DLL.dll" "C:\Users\Simon\Desktop\FMS5776_2397_7707\FMS5776_2397_7707\FMS5776_2397_7707\FMS_GUI\bin\Release"  
         :VCEnd
                 1 fichier(s) copié(s).
     1>Génération du projet "C:\Users\Simon\Desktop\FMS5776_2397_7707\FMS5776_2397_7707\FMS5776_2397_7707\FMS_DLL\FMS_DLL.vcxproj" terminée (Rebuild cible(s)).

La génération a réussi.

Temps écoulé 00:00:02.23
